<?xml version="1.0" encoding="UTF-8"?>
<coverage generated="1681705789866" clover="3.2.0">
  <project timestamp="1681705789866" name="All files">
    <metrics statements="4" coveredstatements="4" conditionals="3" coveredconditionals="0" methods="3" coveredmethods="1" elements="10" coveredelements="5" complexity="0" loc="4" ncloc="4" packages="2" files="3" classes="3"/>
    <package name="components">
      <metrics statements="3" coveredstatements="3" conditionals="3" coveredconditionals="0" methods="2" coveredmethods="0"/>
      <file name="TodoForm.vue" path="/Users/goldwinjapar/Teaching/blibli-todo-app/src/components/TodoForm.vue">
        <metrics statements="2" coveredstatements="2" conditionals="1" coveredconditionals="0" methods="1" coveredmethods="0"/>
        <line num="1" count="3" type="cond" truecount="0" falsecount="1"/>
        <line num="14" count="1" type="stmt"/>
      </file>
      <file name="TodoList.vue" path="/Users/goldwinjapar/Teaching/blibli-todo-app/src/components/TodoList.vue">
        <metrics statements="1" coveredstatements="1" conditionals="2" coveredconditionals="0" methods="1" coveredmethods="0"/>
        <line num="1" count="3" type="cond" truecount="0" falsecount="2"/>
      </file>
    </package>
    <package name="views">
      <metrics statements="1" coveredstatements="1" conditionals="0" coveredconditionals="0" methods="1" coveredmethods="1"/>
      <file name="HomeView.vue" path="/Users/goldwinjapar/Teaching/blibli-todo-app/src/views/HomeView.vue">
        <metrics statements="1" coveredstatements="1" conditionals="0" coveredconditionals="0" methods="1" coveredmethods="1"/>
        <line num="1" count="9" type="stmt"/>
      </file>
    </package>
  </project>
</coverage>
