{"/Users/goldwinjapar/Teaching/blibli-todo-app/src/components/TodoForm.vue": {"path":"/Users/goldwinjapar/Teaching/blibli-todo-app/src/components/TodoForm.vue","statementMap":{"0":{"start":{"line":14,"column":0},"end":{"line":52,"column":null}},"1":{"start":{"line":1,"column":0},"end":{"line":1,"column":null}}},"fnMap":{"0":{"name":"(anonymous_6)","decl":{"start":{"line":1,"column":0},"end":{"line":1,"column":null}},"loc":{"start":{"line":1,"column":0},"end":{"line":1,"column":null}}}},"branchMap":{"0":{"loc":{"start":{"line":1,"column":0},"end":{"line":1,"column":null}},"type":"if","locations":[{"start":{"line":1,"column":0},"end":{"line":1,"column":null}}]}},"s":{"0":1,"1":3},"f":{"0":0},"b":{"0":[0]}}
,"/Users/goldwinjapar/Teaching/blibli-todo-app/src/components/TodoList.vue": {"path":"/Users/goldwinjapar/Teaching/blibli-todo-app/src/components/TodoList.vue","statementMap":{"0":{"start":{"line":1,"column":0},"end":{"line":1,"column":null}}},"fnMap":{"0":{"name":"(anonymous_0)","decl":{"start":{"line":1,"column":0},"end":{"line":1,"column":null}},"loc":{"start":{"line":1,"column":0},"end":{"line":1,"column":null}}}},"branchMap":{"0":{"loc":{"start":{"line":1,"column":0},"end":{"line":1,"column":null}},"type":"cond-expr","locations":[{"start":{"line":1,"column":0},"end":{"line":1,"column":null}},{"start":{"line":1,"column":0},"end":{"line":1,"column":null}}]}},"s":{"0":3},"f":{"0":0},"b":{"0":[0,0]}}
,"/Users/goldwinjapar/Teaching/blibli-todo-app/src/views/HomeView.vue": {"path":"/Users/goldwinjapar/Teaching/blibli-todo-app/src/views/HomeView.vue","statementMap":{"0":{"start":{"line":1,"column":0},"end":{"line":1,"column":null}}},"fnMap":{"0":{"name":"(anonymous_0)","decl":{"start":{"line":1,"column":0},"end":{"line":1,"column":null}},"loc":{"start":{"line":1,"column":0},"end":{"line":1,"column":null}}}},"branchMap":{},"s":{"0":9},"f":{"0":2},"b":{}}
}
